<?xml version="1.0" encoding="UTF-8"?>
<!-- Generated by org.testng.reporters.JUnitReportReporter -->
<testsuite skipped="0" hostname="DESKTOP-DJC0DIE" name="timeAndDateAppTest.TestExecution" tests="1" failures="0" timestamp="22 Jul 2020 05:04:48 GMT" time="5.645" errors="0">
  <testcase name="MySignIntest" time="5.645" classname="timeAndDateAppTest.TestExecution"/>
</testsuite> <!-- timeAndDateAppTest.TestExecution -->
