<?xml version="1.0" encoding="UTF-8"?>
<!-- Generated by org.testng.reporters.JUnitReportReporter -->
<testsuite skipped="0" hostname="DESKTOP-DJC0DIE" name="myExecution.RegisterClassExecution" tests="1" failures="0" timestamp="22 Jul 2020 04:54:17 GMT" time="0.783" errors="0">
  <testcase name="myFaceBookTest" time="0.783" classname="myExecution.RegisterClassExecution"/>
</testsuite> <!-- myExecution.RegisterClassExecution -->
