<?xml version="1.0" encoding="UTF-8"?>
<!-- Generated by org.testng.reporters.JUnitReportReporter -->
<testsuite skipped="0" hostname="DESKTOP-DJC0DIE" name="myExecution.FbAddMyAccount" tests="1" failures="0" timestamp="22 Jul 2020 04:56:45 GMT" time="4.849" errors="0">
  <testcase name="myaccounttest" time="4.849" classname="myExecution.FbAddMyAccount"/>
</testsuite> <!-- myExecution.FbAddMyAccount -->
